d:\opengl\glandvulkan\gl01\debug\vc142.pdb
d:\opengl\glandvulkan\gl01\debug\vc142.idb
d:\opengl\glandvulkan\gl01\debug\shader.obj
d:\opengl\glandvulkan\gl01\debug\model.obj
d:\opengl\glandvulkan\gl01\debug\mesh.obj
d:\opengl\glandvulkan\gl01\debug\main.obj
d:\opengl\glandvulkan\gl01\debug\camera.obj
d:\opengl\glandvulkan\gl01\debug\gl01.res
d:\opengl\glandvulkan\gl01\debug\gl01.pdb
d:\opengl\glandvulkan\gl01\debug\gl01.tlog\cl.command.1.tlog
d:\opengl\glandvulkan\gl01\debug\gl01.tlog\cl.read.1.tlog
d:\opengl\glandvulkan\gl01\debug\gl01.tlog\cl.write.1.tlog
d:\opengl\glandvulkan\gl01\debug\gl01.tlog\link.15508-cvtres.read.1.tlog
d:\opengl\glandvulkan\gl01\debug\gl01.tlog\link.15508-cvtres.write.1.tlog
d:\opengl\glandvulkan\gl01\debug\gl01.tlog\link.15508-rc.read.1.tlog
d:\opengl\glandvulkan\gl01\debug\gl01.tlog\link.15508-rc.write.1.tlog
d:\opengl\glandvulkan\gl01\debug\gl01.tlog\link.15508.read.1.tlog
d:\opengl\glandvulkan\gl01\debug\gl01.tlog\link.15508.write.1.tlog
d:\opengl\glandvulkan\gl01\debug\gl01.tlog\link.command.1.tlog
d:\opengl\glandvulkan\gl01\debug\gl01.tlog\link.read.1.tlog
d:\opengl\glandvulkan\gl01\debug\gl01.tlog\link.write.1.tlog
d:\opengl\glandvulkan\gl01\debug\gl01.tlog\rc.command.1.tlog
d:\opengl\glandvulkan\gl01\debug\gl01.tlog\rc.read.1.tlog
d:\opengl\glandvulkan\gl01\debug\gl01.tlog\rc.write.1.tlog
